The shortest path is as below:
from (172,114), move to the East ,arrive at (172,115)
from (172,115), move to the East ,arrive at (172,116)
from (172,116), move to the East ,arrive at (172,117)
from (172,117), move to the South ,arrive at (173,117)
from (173,117), move to the South ,arrive at (174,117)
from (174,117), move to the South ,arrive at (175,117)
from (175,117), move to the South ,arrive at (176,117)
from (176,117), move to the South ,arrive at (177,117)
from (177,117), move to the West ,arrive at (177,116)
from (177,116), move to the West ,arrive at (177,115)
from (177,115), move to the North ,arrive at (176,115)
from (176,115), move to the North ,arrive at (175,115)
from (175,115), move to the West ,arrive at (175,114)
from (175,114), move to the West ,arrive at (175,113)
from (175,113), move to the West ,arrive at (175,112)
from (175,112), move to the West ,arrive at (175,111)
from (175,111), move to the West ,arrive at (175,110)
from (175,110), move to the West ,arrive at (175,109)
from (175,109), move to the West ,arrive at (175,108)
from (175,108), move to the West ,arrive at (175,107)
from (175,107), move to the South ,arrive at (176,107)
from (176,107), move to the West ,arrive at (176,106)
from (176,106), move to the West ,arrive at (176,105)
from (176,105), move to the South ,arrive at (177,105)
from (177,105), move to the West ,arrive at (177,104)
from (177,104), move to the South ,arrive at (178,104)
from (178,104), move to the West ,arrive at (178,103)
from (178,103), move to the West ,arrive at (178,102)
from (178,102), move to the West ,arrive at (178,101)
from (178,101), move to the West ,arrive at (178,100)
from (178,100), move to the South ,arrive at (179,100)
from (179,100), move to the South ,arrive at (180,100)
from (180,100), move to the South ,arrive at (181,100)
from (181,100), move to the South ,arrive at (182,100)
from (182,100), move to the South ,arrive at (183,100)
from (183,100), move to the West ,arrive at (183,99)
from (183,99), move to the West ,arrive at (183,98)
from (183,98), move to the West ,arrive at (183,97)
from (183,97), move to the South ,arrive at (184,97)
from (184,97), move to the South ,arrive at (185,97)
from (185,97), move to the West ,arrive at (185,96)
from (185,96), move to the South ,arrive at (186,96)
from (186,96), move to the South ,arrive at (187,96)
from (187,96), move to the West ,arrive at (187,95)
from (187,95), move to the West ,arrive at (187,94)
from (187,94), move to the North ,arrive at (186,94)
from (186,94), move to the West ,arrive at (186,93)
from (186,93), move to the West ,arrive at (186,92)
from (186,92), move to the North ,arrive at (185,92)
from (185,92), move to the West ,arrive at (185,91)
from (185,91), move to the West ,arrive at (185,90)
from (185,90), move to the South ,arrive at (186,90)
from (186,90), move to the West ,arrive at (186,89)
from (186,89), move to the West ,arrive at (186,88)
from (186,88), move to the South ,arrive at (187,88)
from (187,88), move to the West ,arrive at (187,87)
from (187,87), move to the West ,arrive at (187,86)
from (187,86), move to the South ,arrive at (188,86)
from (188,86), move to the South ,arrive at (189,86)
from (189,86), move to the West ,arrive at (189,85)
from (189,85), move to the West ,arrive at (189,84)
from (189,84), move to the West ,arrive at (189,83)
from (189,83), move to the West ,arrive at (189,82)
from (189,82), move to the West ,arrive at (189,81)
from (189,81), move to the South ,arrive at (190,81)
from (190,81), move to the South ,arrive at (191,81)
from (191,81), move to the West ,arrive at (191,80)
from (191,80), move to the West ,arrive at (191,79)
from (191,79), move to the North ,arrive at (190,79)
from (190,79), move to the West ,arrive at (190,78)
from (190,78), move to the West ,arrive at (190,77)
from (190,77), move to the North ,arrive at (189,77)
from (189,77), move to the West ,arrive at (189,76)
from (189,76), move to the West ,arrive at (189,75)
from (189,75), move to the West ,arrive at (189,74)
from (189,74), move to the West ,arrive at (189,73)
from (189,73), move to the South ,arrive at (190,73)
from (190,73), move to the West ,arrive at (190,72)
from (190,72), move to the South ,arrive at (191,72)
from (191,72), move to the West ,arrive at (191,71)
from (191,71), move to the South ,arrive at (192,71)
from (192,71), move to the West ,arrive at (192,70)
from (192,70), move to the West ,arrive at (192,69)
from (192,69), move to the West ,arrive at (192,68)
from (192,68), move to the West ,arrive at (192,67)
from (192,67), move to the North ,arrive at (191,67)
from (191,67), move to the North ,arrive at (190,67)
from (190,67), move to the East ,arrive at (190,68)
from (190,68), move to the East ,arrive at (190,69)
from (190,69), move to the East ,arrive at (190,70)
from (190,70), move to the North ,arrive at (189,70)
from (189,70), move to the East ,arrive at (189,71)
from (189,71), move to the North ,arrive at (188,71)
from (188,71), move to the North ,arrive at (187,71)
from (187,71), move to the West ,arrive at (187,70)
from (187,70), move to the West ,arrive at (187,69)
from (187,69), move to the West ,arrive at (187,68)
from (187,68), move to the West ,arrive at (187,67)
from (187,67), move to the West ,arrive at (187,66)
from (187,66), move to the North ,arrive at (186,66)
from (186,66), move to the West ,arrive at (186,65)
from (186,65), move to the West ,arrive at (186,64)
from (186,64), move to the North ,arrive at (185,64)
from (185,64), move to the West ,arrive at (185,63)
from (185,63), move to the North ,arrive at (184,63)
from (184,63), move to the North ,arrive at (183,63)
from (183,63), move to the North ,arrive at (182,63)
from (182,63), move to the West ,arrive at (182,62)
from (182,62), move to the North ,arrive at (181,62)
from (181,62), move to the North ,arrive at (180,62)
from (180,62), move to the West ,arrive at (180,61)
from (180,61), move to the North ,arrive at (179,61)
from (179,61), move to the West ,arrive at (179,60)
from (179,60), move to the West ,arrive at (179,59)
from (179,59), move to the West ,arrive at (179,58)
from (179,58), move to the West ,arrive at (179,57)
from (179,57), move to the West ,arrive at (179,56)
from (179,56), move to the South ,arrive at (180,56)
from (180,56), move to the West ,arrive at (180,55)
from (180,55), move to the South ,arrive at (181,55)
from (181,55), move to the South ,arrive at (182,55)
from (182,55), move to the South ,arrive at (183,55)
from (183,55), move to the East ,arrive at (183,56)
from (183,56), move to the South ,arrive at (184,56)
from (184,56), move to the South ,arrive at (185,56)
from (185,56), move to the West ,arrive at (185,55)
from (185,55), move to the South ,arrive at (186,55)
from (186,55), move to the West ,arrive at (186,54)
from (186,54), move to the West ,arrive at (186,53)
from (186,53), move to the West ,arrive at (186,52)
from (186,52), move to the West ,arrive at (186,51)
from (186,51), move to the West ,arrive at (186,50)
from (186,50), move to the West ,arrive at (186,49)
from (186,49), move to the West ,arrive at (186,48)
from (186,48), move to the North ,arrive at (185,48)
from (185,48), move to the North ,arrive at (184,48)
from (184,48), move to the West ,arrive at (184,47)
from (184,47), move to the West ,arrive at (184,46)
from (184,46), move to the West ,arrive at (184,45)
from (184,45), move to the West ,arrive at (184,44)
from (184,44), move to the West ,arrive at (184,43)
from (184,43), move to the South ,arrive at (185,43)
from (185,43), move to the West ,arrive at (185,42)
from (185,42), move to the South ,arrive at (186,42)
from (186,42), move to the South ,arrive at (187,42)
from (187,42), move to the West ,arrive at (187,41)
from (187,41), move to the West ,arrive at (187,40)
from (187,40), move to the South ,arrive at (188,40)
from (188,40), move to the South ,arrive at (189,40)
from (189,40), move to the South ,arrive at (190,40)
from (190,40), move to the East ,arrive at (190,41)
from (190,41), move to the South ,arrive at (191,41)
from (191,41), move to the South ,arrive at (192,41)
from (192,41), move to the West ,arrive at (192,40)
from (192,40), move to the West ,arrive at (192,39)
from (192,39), move to the North ,arrive at (191,39)
from (191,39), move to the West ,arrive at (191,38)
from (191,38), move to the West ,arrive at (191,37)
from (191,37), move to the South ,arrive at (192,37)
from (192,37), move to the South ,arrive at (193,37)
from (193,37), move to the West ,arrive at (193,36)
from (193,36), move to the West ,arrive at (193,35)
from (193,35), move to the South ,arrive at (194,35)
from (194,35), move to the West ,arrive at (194,34)
from (194,34), move to the West ,arrive at (194,33)
from (194,33), move to the West ,arrive at (194,32)
from (194,32), move to the North ,arrive at (193,32)
from (193,32), move to the North ,arrive at (192,32)
from (192,32), move to the West ,arrive at (192,31)
from (192,31), move to the West ,arrive at (192,30)
from (192,30), move to the West ,arrive at (192,29)
from (192,29), move to the West ,arrive at (192,28)
from (192,28), move to the North ,arrive at (191,28)
from (191,28), move to the North ,arrive at (190,28)
from (190,28), move to the North ,arrive at (189,28)
from (189,28), move to the North ,arrive at (188,28)
from (188,28), move to the West ,arrive at (188,27)
from (188,27), move to the West ,arrive at (188,26)
from (188,26), move to the North ,arrive at (187,26)
from (187,26), move to the North ,arrive at (186,26)
from (186,26), move to the North ,arrive at (185,26)
from (185,26), move to the West ,arrive at (185,25)
from (185,25), move to the West ,arrive at (185,24)
from (185,24), move to the North ,arrive at (184,24)
from (184,24), move to the North ,arrive at (183,24)
from (183,24), move to the West ,arrive at (183,23)
from (183,23), move to the North ,arrive at (182,23)
from (182,23), move to the West ,arrive at (182,22)
from (182,22), move to the West ,arrive at (182,21)
from (182,21), move to the South ,arrive at (183,21)
from (183,21), move to the West ,arrive at (183,20)
from (183,20), move to the South ,arrive at (184,20)
from (184,20), move to the South ,arrive at (185,20)
from (185,20), move to the West ,arrive at (185,19)
from (185,19), move to the West ,arrive at (185,18)
from (185,18), move to the South ,arrive at (186,18)
from (186,18), move to the West ,arrive at (186,17)
from (186,17), move to the West ,arrive at (186,16)
from (186,16), move to the West ,arrive at (186,15)
from (186,15), move to the West ,arrive at (186,14)
from (186,14), move to the West ,arrive at (186,13)
from (186,13), move to the North ,arrive at (185,13)
from (185,13), move to the West ,arrive at (185,12)
from (185,12), move to the West ,arrive at (185,11)
from (185,11), move to the North ,arrive at (184,11)
from (184,11), move to the North ,arrive at (183,11)
from (183,11), move to the North ,arrive at (182,11)
from (182,11), move to the West ,arrive at (182,10)
from (182,10), move to the West ,arrive at (182,9)
from (182,9), move to the South ,arrive at (183,9)
from (183,9), move to the West ,arrive at (183,8)
from (183,8), move to the South ,arrive at (184,8)
from (184,8), move to the South ,arrive at (185,8)
from (185,8), move to the South ,arrive at (186,8)
from (186,8), move to the East ,arrive at (186,9)
from (186,9), move to the East ,arrive at (186,10)
from (186,10), move to the South ,arrive at (187,10)
from (187,10), move to the East ,arrive at (187,11)
from (187,11), move to the South ,arrive at (188,11)
from (188,11), move to the East ,arrive at (188,12)
from (188,12), move to the East ,arrive at (188,13)
from (188,13), move to the South ,arrive at (189,13)
from (189,13), move to the South ,arrive at (190,13)
from (190,13), move to the South ,arrive at (191,13)
from (191,13), move to the South ,arrive at (192,13)
from (192,13), move to the West ,arrive at (192,12)
from (192,12), move to the South ,arrive at (193,12)
from (193,12), move to the West ,arrive at (193,11)
from (193,11), move to the South ,arrive at (194,11)
from (194,11), move to the South ,arrive at (195,11)
from (195,11), move to the South ,arrive at (196,11)
from (196,11), move to the West ,arrive at (196,10)
from (196,10), move to the South ,arrive at (197,10)
from (197,10), move to the South ,arrive at (198,10)
from (198,10), move to the East ,arrive at (198,11)
from (198,11), move to the East ,arrive at (198,12)
from (198,12), move to the South ,arrive at (199,12)
from (199,12), move to the East ,arrive at (199,13)
from (199,13), move to the East ,arrive at (199,14)
from (199,14), move to the East ,arrive at (199,15)
from (199,15), move to the South ,arrive at (200,15)
from (200,15), move to the South ,arrive at (201,15)
from (201,15), move to the East ,arrive at (201,16)
from (201,16), move to the East ,arrive at (201,17)
from (201,17), move to the South ,arrive at (202,17)
from (202,17), move to the South ,arrive at (203,17)
from (203,17), move to the South ,arrive at (204,17)
from (204,17), move to the South ,arrive at (205,17)
from (205,17), move to the South ,arrive at (206,17)
from (206,17), move to the South ,arrive at (207,17)
from (207,17), move to the South ,arrive at (208,17)
from (208,17), move to the East ,arrive at (208,18)
from (208,18), move to the South ,arrive at (209,18)
from (209,18), move to the South ,arrive at (210,18)
from (210,18), move to the West ,arrive at (210,17)
from (210,17), move to the South ,arrive at (211,17)
from (211,17), move to the South ,arrive at (212,17)
from (212,17), move to the West ,arrive at (212,16)
from (212,16), move to the West ,arrive at (212,15)
from (212,15), move to the South ,arrive at (213,15)
from (213,15), move to the West ,arrive at (213,14)
from (213,14), move to the West ,arrive at (213,13)
from (213,13), move to the West ,arrive at (213,12)
from (213,12), move to the West ,arrive at (213,11)
from (213,11), move to the North ,arrive at (212,11)
from (212,11), move to the West ,arrive at (212,10)
from (212,10), move to the North ,arrive at (211,10)
from (211,10), move to the West ,arrive at (211,9)
from (211,9), move to the West ,arrive at (211,8)
from (211,8), move to the South ,arrive at (212,8)
from (212,8), move to the South ,arrive at (213,8)
from (213,8), move to the West ,arrive at (213,7)
from (213,7), move to the South ,arrive at (214,7)
from (214,7), move to the South ,arrive at (215,7)
from (215,7), move to the South ,arrive at (216,7)
from (216,7), move to the South ,arrive at (217,7)
from (217,7), move to the South ,arrive at (218,7)
from (218,7), move to the East ,arrive at (218,8)
from (218,8), move to the East ,arrive at (218,9)
from (218,9), move to the East ,arrive at (218,10)
from (218,10), move to the South ,arrive at (219,10)
from (219,10), move to the South ,arrive at (220,10)
from (220,10), move to the South ,arrive at (221,10)
from (221,10), move to the South ,arrive at (222,10)
from (222,10), move to the South ,arrive at (223,10)
from (223,10), move to the South ,arrive at (224,10)
from (224,10), move to the West ,arrive at (224,9)
from (224,9), move to the West ,arrive at (224,8)
from (224,8), move to the West ,arrive at (224,7)
from (224,7), move to the West ,arrive at (224,6)
from (224,6), move to the North ,arrive at (223,6)
from (223,6), move to the West ,arrive at (223,5)
from (223,5), move to the West ,arrive at (223,4)
from (223,4), move to the South ,arrive at (224,4)
from (224,4), move to the South ,arrive at (225,4)
from (225,4), move to the South ,arrive at (226,4)
from (226,4), move to the West ,arrive at (226,3)
from (226,3), move to the South ,arrive at (227,3)
from (227,3), move to the South ,arrive at (228,3)
from (228,3), move to the East ,arrive at (228,4)
from (228,4), move to the South ,arrive at (229,4)
from (229,4), move to the South ,arrive at (230,4)
from (230,4), move to the East ,arrive at (230,5)
from (230,5), move to the East ,arrive at (230,6)
from (230,6), move to the North ,arrive at (229,6)
from (229,6), move to the East ,arrive at (229,7)
from (229,7), move to the North ,arrive at (228,7)
from (228,7), move to the East ,arrive at (228,8)
from (228,8), move to the East ,arrive at (228,9)
from (228,9), move to the South ,arrive at (229,9)
from (229,9), move to the South ,arrive at (230,9)
from (230,9), move to the East ,arrive at (230,10)
from (230,10), move to the East ,arrive at (230,11)
from (230,11), move to the East ,arrive at (230,12)
from (230,12), move to the East ,arrive at (230,13)
from (230,13), move to the East ,arrive at (230,14)
from (230,14), move to the East ,arrive at (230,15)
from (230,15), move to the East ,arrive at (230,16)
from (230,16), move to the East ,arrive at (230,17)
from (230,17), move to the East ,arrive at (230,18)
from (230,18), move to the South ,arrive at (231,18)
from (231,18), move to the South ,arrive at (232,18)
from (232,18), move to the West ,arrive at (232,17)
from (232,17), move to the West ,arrive at (232,16)
from (232,16), move to the South ,arrive at (233,16)
from (233,16), move to the South ,arrive at (234,16)
from (234,16), move to the East ,arrive at (234,17)
from (234,17), move to the South ,arrive at (235,17)
from (235,17), move to the South ,arrive at (236,17)
from (236,17), move to the South ,arrive at (237,17)
from (237,17), move to the South ,arrive at (238,17)
from (238,17), move to the South ,arrive at (239,17)
from (239,17), move to the East ,arrive at (239,18)
from (239,18), move to the East ,arrive at (239,19)
from (239,19), move to the East ,arrive at (239,20)
from (239,20), move to the East ,arrive at (239,21)
from (239,21), move to the North ,arrive at (238,21)
from (238,21), move to the East ,arrive at (238,22)
from (238,22), move to the North ,arrive at (237,22)
from (237,22), move to the East ,arrive at (237,23)
from (237,23), move to the East ,arrive at (237,24)
from (237,24), move to the South ,arrive at (238,24)
from (238,24), move to the East ,arrive at (238,25)
from (238,25), move to the South ,arrive at (239,25)
from (239,25), move to the South ,arrive at (240,25)
from (240,25), move to the South ,arrive at (241,25)
from (241,25), move to the South ,arrive at (242,25)
from (242,25), move to the South ,arrive at (243,25)
from (243,25), move to the East ,arrive at (243,26)
from (243,26), move to the East ,arrive at (243,27)
from (243,27), move to the East ,arrive at (243,28)
from (243,28), move to the South ,arrive at (244,28)
from (244,28), move to the South ,arrive at (245,28)
from (245,28), move to the East ,arrive at (245,29)
from (245,29), move to the South ,arrive at (246,29)
from (246,29), move to the South ,arrive at (247,29)
from (247,29), move to the South ,arrive at (248,29)
from (248,29), move to the East ,arrive at (248,30)
from (248,30), move to the East ,arrive at (248,31)
from (248,31), move to the North ,arrive at (247,31)
from (247,31), move to the East ,arrive at (247,32)
from (247,32), move to the East ,arrive at (247,33)
from (247,33), move to the South ,arrive at (248,33)
from (248,33), move to the South ,arrive at (249,33)
from (249,33), move to the South ,arrive at (250,33)
from (250,33), move to the South ,arrive at (251,33)
from (251,33), move to the South ,arrive at (252,33)
from (252,33), move to the West ,arrive at (252,32)
from (252,32), move to the South ,arrive at (253,32)
from (253,32), move to the South ,arrive at (254,32)
from (254,32), move to the West ,arrive at (254,31)
from (254,31), move to the South ,arrive at (255,31)
from (255,31), move to the South ,arrive at (256,31)
from (256,31), move to the West ,arrive at (256,30)
from (256,30), move to the South ,arrive at (257,30)
from (257,30), move to the West ,arrive at (257,29)
from (257,29), move to the South ,arrive at (258,29)
from (258,29), move to the South ,arrive at (259,29)
from (259,29), move to the East ,arrive at (259,30)
from (259,30), move to the South ,arrive at (260,30)
from (260,30), move to the South ,arrive at (261,30)
from (261,30), move to the East ,arrive at (261,31)
from (261,31), move to the East ,arrive at (261,32)
from (261,32), move to the East ,arrive at (261,33)
from (261,33), move to the South ,arrive at (262,33)
from (262,33), move to the South ,arrive at (263,33)
from (263,33), move to the South ,arrive at (264,33)
from (264,33), move to the East ,arrive at (264,34)
from (264,34), move to the South ,arrive at (265,34)
from (265,34), move to the South ,arrive at (266,34)
from (266,34), move to the South ,arrive at (267,34)
from (267,34), move to the East ,arrive at (267,35)
from (267,35), move to the South ,arrive at (268,35)
from (268,35), move to the South ,arrive at (269,35)
from (269,35), move to the South ,arrive at (270,35)
from (270,35), move to the South ,arrive at (271,35)
from (271,35), move to the South ,arrive at (272,35)
from (272,35), move to the South ,arrive at (273,35)
from (273,35), move to the West ,arrive at (273,34)
from (273,34), move to the South ,arrive at (274,34)
from (274,34), move to the South ,arrive at (275,34)
from (275,34), move to the West ,arrive at (275,33)
from (275,33), move to the South ,arrive at (276,33)
from (276,33), move to the South ,arrive at (277,33)
from (277,33), move to the South ,arrive at (278,33)
from (278,33), move to the South ,arrive at (279,33)
from (279,33), move to the South ,arrive at (280,33)
from (280,33), move to the South ,arrive at (281,33)
from (281,33), move to the East ,arrive at (281,34)
from (281,34), move to the South ,arrive at (282,34)
from (282,34), move to the East ,arrive at (282,35)
from (282,35), move to the East ,arrive at (282,36)
from (282,36), move to the South ,arrive at (283,36)
from (283,36), move to the South ,arrive at (284,36)
from (284,36), move to the East ,arrive at (284,37)
from (284,37), move to the East ,arrive at (284,38)
from (284,38), move to the East ,arrive at (284,39)
from (284,39), move to the North ,arrive at (283,39)
from (283,39), move to the East ,arrive at (283,40)
from (283,40), move to the East ,arrive at (283,41)
from (283,41), move to the North ,arrive at (282,41)
from (282,41), move to the North ,arrive at (281,41)
from (281,41), move to the North ,arrive at (280,41)
from (280,41), move to the North ,arrive at (279,41)
from (279,41), move to the East ,arrive at (279,42)
from (279,42), move to the East ,arrive at (279,43)
from (279,43), move to the East ,arrive at (279,44)
from (279,44), move to the East ,arrive at (279,45)
from (279,45), move to the North ,arrive at (278,45)
from (278,45), move to the North ,arrive at (277,45)
from (277,45), move to the North ,arrive at (276,45)
from (276,45), move to the East ,arrive at (276,46)
from (276,46), move to the North ,arrive at (275,46)
from (275,46), move to the East ,arrive at (275,47)
from (275,47), move to the East ,arrive at (275,48)
from (275,48), move to the East ,arrive at (275,49)
from (275,49), move to the North ,arrive at (274,49)
from (274,49), move to the North ,arrive at (273,49)
from (273,49), move to the North ,arrive at (272,49)
from (272,49), move to the North ,arrive at (271,49)
from (271,49), move to the East ,arrive at (271,50)
from (271,50), move to the North ,arrive at (270,50)
from (270,50), move to the East ,arrive at (270,51)
from (270,51), move to the North ,arrive at (269,51)
from (269,51), move to the East ,arrive at (269,52)
from (269,52), move to the East ,arrive at (269,53)
from (269,53), move to the East ,arrive at (269,54)
from (269,54), move to the South ,arrive at (270,54)
from (270,54), move to the South ,arrive at (271,54)
from (271,54), move to the East ,arrive at (271,55)
from (271,55), move to the East ,arrive at (271,56)
from (271,56), move to the North ,arrive at (270,56)
from (270,56), move to the East ,arrive at (270,57)
from (270,57), move to the North ,arrive at (269,57)
from (269,57), move to the North ,arrive at (268,57)
from (268,57), move to the East ,arrive at (268,58)
from (268,58), move to the East ,arrive at (268,59)
from (268,59), move to the South ,arrive at (269,59)
from (269,59), move to the South ,arrive at (270,59)
from (270,59), move to the East ,arrive at (270,60)
from (270,60), move to the South ,arrive at (271,60)
from (271,60), move to the South ,arrive at (272,60)
from (272,60), move to the West ,arrive at (272,59)
from (272,59), move to the South ,arrive at (273,59)
from (273,59), move to the South ,arrive at (274,59)
from (274,59), move to the South ,arrive at (275,59)
from (275,59), move to the South ,arrive at (276,59)
from (276,59), move to the South ,arrive at (277,59)
from (277,59), move to the East ,arrive at (277,60)
from (277,60), move to the East ,arrive at (277,61)
from (277,61), move to the East ,arrive at (277,62)
from (277,62), move to the East ,arrive at (277,63)
from (277,63), move to the East ,arrive at (277,64)
from (277,64), move to the East ,arrive at (277,65)
from (277,65), move to the East ,arrive at (277,66)
from (277,66), move to the East ,arrive at (277,67)
from (277,67), move to the South ,arrive at (278,67)
from (278,67), move to the South ,arrive at (279,67)
from (279,67), move to the South ,arrive at (280,67)
from (280,67), move to the South ,arrive at (281,67)
from (281,67), move to the South ,arrive at (282,67)
from (282,67), move to the South ,arrive at (283,67)
from (283,67), move to the East ,arrive at (283,68)
from (283,68), move to the East ,arrive at (283,69)
from (283,69), move to the East ,arrive at (283,70)
from (283,70), move to the North ,arrive at (282,70)
from (282,70), move to the North ,arrive at (281,70)
from (281,70), move to the East ,arrive at (281,71)
from (281,71), move to the East ,arrive at (281,72)
from (281,72), move to the East ,arrive at (281,73)
from (281,73), move to the East ,arrive at (281,74)
from (281,74), move to the East ,arrive at (281,75)
from (281,75), move to the East ,arrive at (281,76)
from (281,76), move to the North ,arrive at (280,76)
from (280,76), move to the North ,arrive at (279,76)
from (279,76), move to the East ,arrive at (279,77)
from (279,77), move to the East ,arrive at (279,78)
from (279,78), move to the North ,arrive at (278,78)
from (278,78), move to the East ,arrive at (278,79)
from (278,79), move to the East ,arrive at (278,80)
from (278,80), move to the South ,arrive at (279,80)
from (279,80), move to the East ,arrive at (279,81)
from (279,81), move to the East ,arrive at (279,82)
from (279,82), move to the North ,arrive at (278,82)
from (278,82), move to the East ,arrive at (278,83)
from (278,83), move to the East ,arrive at (278,84)
from (278,84), move to the South ,arrive at (279,84)
from (279,84), move to the South ,arrive at (280,84)
from (280,84), move to the South ,arrive at (281,84)
from (281,84), move to the South ,arrive at (282,84)
from (282,84), move to the South ,arrive at (283,84)
from (283,84), move to the South ,arrive at (284,84)
from (284,84), move to the East ,arrive at (284,85)
from (284,85), move to the East ,arrive at (284,86)
from (284,86), move to the South ,arrive at (285,86)
from (285,86), move to the South ,arrive at (286,86)
from (286,86), move to the South ,arrive at (287,86)
from (287,86), move to the East ,arrive at (287,87)
from (287,87), move to the South ,arrive at (288,87)
from (288,87), move to the East ,arrive at (288,88)
from (288,88), move to the East ,arrive at (288,89)
from (288,89), move to the North ,arrive at (287,89)
from (287,89), move to the East ,arrive at (287,90)
from (287,90), move to the North ,arrive at (286,90)
from (286,90), move to the North ,arrive at (285,90)
from (285,90), move to the West ,arrive at (285,89)
from (285,89), move to the North ,arrive at (284,89)
from (284,89), move to the North ,arrive at (283,89)
from (283,89), move to the East ,arrive at (283,90)
from (283,90), move to the East ,arrive at (283,91)
from (283,91), move to the East ,arrive at (283,92)
from (283,92), move to the East ,arrive at (283,93)
from (283,93), move to the North ,arrive at (282,93)
from (282,93), move to the East ,arrive at (282,94)
from (282,94), move to the East ,arrive at (282,95)
from (282,95), move to the South ,arrive at (283,95)
from (283,95), move to the South ,arrive at (284,95)
from (284,95), move to the East ,arrive at (284,96)
from (284,96), move to the East ,arrive at (284,97)
from (284,97), move to the East ,arrive at (284,98)
from (284,98), move to the East ,arrive at (284,99)
from (284,99), move to the South ,arrive at (285,99)
from (285,99), move to the South ,arrive at (286,99)
from (286,99), move to the South ,arrive at (287,99)
from (287,99), move to the South ,arrive at (288,99)
from (288,99), move to the South ,arrive at (289,99)
from (289,99), move to the West ,arrive at (289,98)
from (289,98), move to the South ,arrive at (290,98)
from (290,98), move to the West ,arrive at (290,97)
from (290,97), move to the West ,arrive at (290,96)
from (290,96), move to the South ,arrive at (291,96)
from (291,96), move to the South ,arrive at (292,96)
from (292,96), move to the East ,arrive at (292,97)
from (292,97), move to the South ,arrive at (293,97)
from (293,97), move to the South ,arrive at (294,97)
from (294,97), move to the West ,arrive at (294,96)
from (294,96), move to the West ,arrive at (294,95)
from (294,95), move to the South ,arrive at (295,95)
from (295,95), move to the South ,arrive at (296,95)
from (296,95), move to the West ,arrive at (296,94)
from (296,94), move to the South ,arrive at (297,94)
from (297,94), move to the South ,arrive at (298,94)
from (298,94), move to the South ,arrive at (299,94)
from (299,94), move to the West ,arrive at (299,93)
from (299,93), move to the West ,arrive at (299,92)
from (299,92), move to the South ,arrive at (300,92)
from (300,92), move to the South ,arrive at (301,92)
from (301,92), move to the South ,arrive at (302,92)
from (302,92), move to the West ,arrive at (302,91)
from (302,91), move to the South ,arrive at (303,91)
from (303,91), move to the West ,arrive at (303,90)
from (303,90), move to the West ,arrive at (303,89)
from (303,89), move to the West ,arrive at (303,88)
from (303,88), move to the South ,arrive at (304,88)
from (304,88), move to the South ,arrive at (305,88)
from (305,88), move to the East ,arrive at (305,89)
from (305,89), move to the East ,arrive at (305,90)
from (305,90), move to the South ,arrive at (306,90)
from (306,90), move to the South ,arrive at (307,90)
from (307,90), move to the South ,arrive at (308,90)
from (308,90), move to the South ,arrive at (309,90)
from (309,90), move to the East ,arrive at (309,91)
from (309,91), move to the South ,arrive at (310,91)
from (310,91), move to the South ,arrive at (311,91)
from (311,91), move to the West ,arrive at (311,90)
from (311,90), move to the West ,arrive at (311,89)
from (311,89), move to the South ,arrive at (312,89)
from (312,89), move to the South ,arrive at (313,89)
from (313,89), move to the South ,arrive at (314,89)
from (314,89), move to the East ,arrive at (314,90)
from (314,90), move to the East ,arrive at (314,91)
from (314,91), move to the East ,arrive at (314,92)
from (314,92), move to the East ,arrive at (314,93)
from (314,93), move to the East ,arrive at (314,94)
from (314,94), move to the East ,arrive at (314,95)
from (314,95), move to the South ,arrive at (315,95)
from (315,95), move to the South ,arrive at (316,95)
from (316,95), move to the East ,arrive at (316,96)
from (316,96), move to the South ,arrive at (317,96)
from (317,96), move to the South ,arrive at (318,96)
from (318,96), move to the South ,arrive at (319,96)
from (319,96), move to the East ,arrive at (319,97)
from (319,97), move to the South ,arrive at (320,97)
from (320,97), move to the East ,arrive at (320,98)
from (320,98), move to the South ,arrive at (321,98)
from (321,98), move to the South ,arrive at (322,98)
from (322,98), move to the East ,arrive at (322,99)
from (322,99), move to the East ,arrive at (322,100)
from (322,100), move to the East ,arrive at (322,101)
from (322,101), move to the North ,arrive at (321,101)
from (321,101), move to the East ,arrive at (321,102)
from (321,102), move to the East ,arrive at (321,103)
from (321,103), move to the South ,arrive at (322,103)
from (322,103), move to the South ,arrive at (323,103)
from (323,103), move to the South ,arrive at (324,103)
from (324,103), move to the East ,arrive at (324,104)
from (324,104), move to the South ,arrive at (325,104)
from (325,104), move to the South ,arrive at (326,104)
from (326,104), move to the South ,arrive at (327,104)
from (327,104), move to the South ,arrive at (328,104)
